<?xml version="1.0" encoding="UTF-8"?>
<!-- Generated by org.testng.reporters.JUnitReportReporter -->
<testsuite hostname="DESKTOP-79L5OHF" failures="0" tests="1" name="com.PageObject.Demo" time="14.387" errors="0" timestamp="2023-07-07T10:41:09 IST" skipped="0">
  <testcase classname="com.PageObject.Demo" name="m1" time="14.387"/>
  <system-out/>
</testsuite> <!-- com.PageObject.Demo -->
