<?xml version="1.0" encoding="UTF-8"?>
<!-- Generated by org.testng.reporters.JUnitReportReporter -->
<testsuite hostname="DESKTOP-79L5OHF" failures="0" tests="3" name="tests.TC_01_VerifyWipitLoginTests2" time="31.245" errors="0" timestamp="2023-06-29T18:17:06 IST" skipped="0">
  <testcase classname="tests.TC_01_VerifyWipitLoginTests2" name="loginWithValidCredentialsTest" time="6.674"/>
  <system-out/>
  <testcase classname="tests.TC_01_VerifyWipitLoginTests2" name="loginWithInvalidCredentialsTest" time="18.563"/>
  <system-out/>
  <testcase classname="tests.TC_01_VerifyWipitLoginTests2" name="loginWithInactiveCredentialsTest" time="6.008"/>
  <system-out/>
</testsuite> <!-- tests.TC_01_VerifyWipitLoginTests2 -->
